<?xml version="1.0" encoding="UTF-8"?>
<!-- Generated by org.testng.reporters.JUnitReportReporter -->
<testsuite skipped="0" hostname="GOT500VI77372" name="com.volvo.mfg.StepDefinition.DriverSuite" tests="1" failures="0" timestamp="09 jan 2019 04:53:24 GMT" time="125.454" errors="0">
  <testcase name="V432_V60_Nodes_Rooms_Configuration" time="125.454" classname="com.volvo.mfg.StepDefinition.DriverSuite"/>
</testsuite> <!-- com.volvo.mfg.StepDefinition.DriverSuite -->
